app/buildout/outputs/logs/manifest-merger-noExtensions-debug-report.txt
-- Merging decision tree log ---
manifest
ADDED from src\main\AndroidManifest.xml:2:1-71:12
	package
		ADDED from src\main\AndroidManifest.xml:3:5-45
		INJECTED from src\main\AndroidManifest.xml
		INJECTED from src\main\AndroidManifest.xml
	android:versionName
		INJECTED from src\main\AndroidManifest.xml
		INJECTED from src\main\AndroidManifest.xml
	xmlns:android
		ADDED from src\main\AndroidManifest.xml:2:11-69
	android:versionCode
		INJECTED from src\main\AndroidManifest.xml
		INJECTED from src\main\AndroidManifest.xml
uses-permission#android.permission.INTERNET
ADDED from src\main\AndroidManifest.xml:6:5-67
	android:name
		ADDED from src\main\AndroidManifest.xml:6:22-64
uses-permission#android.permission.WRITE_EXTERNAL_STORAGE
ADDED from src\main\AndroidManifest.xml:7:5-81
	android:name
		ADDED from src\main\AndroidManifest.xml:7:22-78
uses-permission#android.permission.ACCESS_NETWORK_STATE
ADDED from src\main\AndroidManifest.xml:8:5-79
	android:name
		ADDED from src\main\AndroidManifest.xml:8:22-76
uses-permission#android.permission.READ_EXTERNAL_STORAGE
ADDED from src\main\AndroidManifest.xml:9:5-80
	android:name
		ADDED from src\main\AndroidManifest.xml:9:22-77
uses-permission#android.permission.WAKE_LOCK
ADDED from src\main\AndroidManifest.xml:10:5-68
	android:name
		ADDED from src\main\AndroidManifest.xml:10:22-65
uses-feature#android.hardware.touchscreen
ADDED from src\main\AndroidManifest.xml:11:5-89
	android:required
		ADDED from src\main\AndroidManifest.xml:11:63-87
	android:name
		ADDED from src\main\AndroidManifest.xml:11:19-62
application
ADDED from src\main\AndroidManifest.xml:13:5-69:19
MERGED from [com.android.support:appcompat-v7:25.3.1] AndroidManifest.xml:29:5-20
MERGED from [com.android.support:animated-vector-drawable:25.3.1] AndroidManifest.xml:26:5-20
MERGED from [com.android.support:support-vector-drawable:25.3.1] AndroidManifest.xml:26:5-20
MERGED from [com.android.support.constraint:constraint-layout:1.0.2] AndroidManifest.xml:9:5-20
MERGED from [com.android.support:support-v4:25.3.1] AndroidManifest.xml:29:5-20
MERGED from [com.android.support:support-fragment:25.3.1] AndroidManifest.xml:29:5-20
MERGED from [com.android.support:support-media-compat:25.3.1] AndroidManifest.xml:29:5-20
MERGED from [com.android.support:support-core-ui:25.3.1] AndroidManifest.xml:29:5-20
MERGED from [com.android.support:support-core-utils:25.3.1] AndroidManifest.xml:29:5-20
MERGED from [com.android.support:support-compat:25.3.1] AndroidManifest.xml:29:5-20
	android:label
		ADDED from src\main\AndroidManifest.xml:15:9-41
	android:supportsRtl
		ADDED from src\main\AndroidManifest.xml:16:9-35
	android:allowBackup
		ADDED from src\main\AndroidManifest.xml:19:9-36
	android:icon
		ADDED from src\main\AndroidManifest.xml:14:9-45
	android:largeHeap
		ADDED from src\main\AndroidManifest.xml:18:9-33
	android:theme
		ADDED from src\main\AndroidManifest.xml:17:9-70
	android:name
		ADDED from src\main\AndroidManifest.xml:20:9-51
activity#com.player.bingry.bingryplayer.MainActivity
ADDED from src\main\AndroidManifest.xml:21:9-28:20
	android:label
		ADDED from src\main\AndroidManifest.xml:23:13-42
	android:icon
		ADDED from src\main\AndroidManifest.xml:22:13-49
	android:name
		ADDED from src\main\AndroidManifest.xml:21:19-47
intent-filter#android.intent.action.MAIN+android.intent.category.LAUNCHER
ADDED from src\main\AndroidManifest.xml:24:13-27:29
action#android.intent.action.MAIN
ADDED from src\main\AndroidManifest.xml:25:17-69
	android:name
		ADDED from src\main\AndroidManifest.xml:25:25-66
category#android.intent.category.LAUNCHER
ADDED from src\main\AndroidManifest.xml:26:17-77
	android:name
		ADDED from src\main\AndroidManifest.xml:26:27-74
provider#android.support.v4.content.FileProvider
ADDED from src\main\AndroidManifest.xml:29:9-37:20
	android:authorities
		ADDED from src\main\AndroidManifest.xml:31:13-74
	android:grantUriPermissions
		ADDED from src\main\AndroidManifest.xml:33:13-47
	android:exported
		ADDED from src\main\AndroidManifest.xml:32:13-37
	android:name
		ADDED from src\main\AndroidManifest.xml:30:13-67
meta-data#android.support.FILE_PROVIDER_PATHS
ADDED from src\main\AndroidManifest.xml:34:13-36:57
	android:resource
		ADDED from src\main\AndroidManifest.xml:36:17-55
	android:name
		ADDED from src\main\AndroidManifest.xml:35:17-67
activity#com.player.bingry.bingryplayer.ui.ContentDetailActivity
ADDED from src\main\AndroidManifest.xml:38:9-46:20
	android:label
		ADDED from src\main\AndroidManifest.xml:40:13-42
	android:parentActivityName
		ADDED from src\main\AndroidManifest.xml:42:13-55
	android:icon
		ADDED from src\main\AndroidManifest.xml:41:13-49
	android:theme
		ADDED from src\main\AndroidManifest.xml:43:13-59
	android:name
		ADDED from src\main\AndroidManifest.xml:39:13-53
meta-data#android.support.PARENT_ACTIVITY
ADDED from src\main\AndroidManifest.xml:44:13-45:49
	android:value
		ADDED from src\main\AndroidManifest.xml:45:17-46
	android:name
		ADDED from src\main\AndroidManifest.xml:44:24-70
activity#com.player.bingry.bingryplayer.ui.NungryExoplayer
ADDED from src\main\AndroidManifest.xml:48:9-67:20
	android:authorities
		ADDED from src\main\AndroidManifest.xml:52:13-74
	android:label
		ADDED from src\main\AndroidManifest.xml:51:13-53
	android:launchMode
		ADDED from src\main\AndroidManifest.xml:50:13-43
	android:configChanges
		ADDED from src\main\AndroidManifest.xml:49:13-122
	android:theme
		ADDED from src\main\AndroidManifest.xml:53:13-47
	android:name
		ADDED from src\main\AndroidManifest.xml:48:19-53
intent-filter#android.intent.category.DEFAULT+com.player.bingry.bingryplayer.action.VIEW
ADDED from src\main\AndroidManifest.xml:54:13-62:29
action#com.player.bingry.bingryplayer.action.VIEW
ADDED from src\main\AndroidManifest.xml:55:17-84
	android:name
		ADDED from src\main\AndroidManifest.xml:55:25-82
category#android.intent.category.DEFAULT
ADDED from src\main\AndroidManifest.xml:56:17-75
	android:name
		ADDED from src\main\AndroidManifest.xml:56:27-73
data
ADDED from src\main\AndroidManifest.xml:57:17-49
	android:scheme
		ADDED from src\main\AndroidManifest.xml:57:23-47
intent-filter#android.intent.category.DEFAULT+com.google.android.exoplayer.demo.action.VIEW_LIST
ADDED from src\main\AndroidManifest.xml:63:13-66:29
action#com.google.android.exoplayer.demo.action.VIEW_LIST
ADDED from src\main\AndroidManifest.xml:64:17-92
	android:name
		ADDED from src\main\AndroidManifest.xml:64:25-90
uses-sdk
INJECTED from src\main\AndroidManifest.xml reason: use-sdk injection requested
MERGED from [com.android.support:appcompat-v7:25.3.1] AndroidManifest.xml:21:5-23:78
MERGED from [com.android.support:animated-vector-drawable:25.3.1] AndroidManifest.xml:20:5-44
MERGED from [com.android.support:support-vector-drawable:25.3.1] AndroidManifest.xml:20:5-43
MERGED from [com.android.support.constraint:constraint-layout:1.0.2] AndroidManifest.xml:5:5-7:41
MERGED from [com.android.support:support-v4:25.3.1] AndroidManifest.xml:21:5-23:54
MERGED from [com.android.support:support-fragment:25.3.1] AndroidManifest.xml:21:5-23:60
MERGED from [com.android.support:support-media-compat:25.3.1] AndroidManifest.xml:21:5-23:63
MERGED from [com.android.support:recyclerview-v7:25.3.1] AndroidManifest.xml:20:5-43
MERGED from [com.android.support:support-core-ui:25.3.1] AndroidManifest.xml:21:5-23:58
MERGED from [BingryPlayer:library-dash:unspecified] AndroidManifest.xml:21:5-23:41
MERGED from [com.android.support:support-core-utils:25.3.1] AndroidManifest.xml:21:5-23:61
MERGED from [com.android.support:support-compat:25.3.1] AndroidManifest.xml:21:5-23:58
MERGED from [BingryPlayer:library-hls:unspecified] AndroidManifest.xml:21:5-23:41
MERGED from [BingryPlayer:library-smoothstreaming:unspecified] AndroidManifest.xml:21:5-23:41
MERGED from [BingryPlayer:library-ui:unspecified] AndroidManifest.xml:21:5-23:41
MERGED from [BingryPlayer:library-core:unspecified] AndroidManifest.xml:21:5-23:41
	tools:overrideLibrary
		ADDED from [com.android.support:appcompat-v7:25.3.1] AndroidManifest.xml:23:9-75
	android:targetSdkVersion
		INJECTED from src\main\AndroidManifest.xml
		INJECTED from src\main\AndroidManifest.xml
	android:minSdkVersion
		INJECTED from src\main\AndroidManifest.xml
		INJECTED from src\main\AndroidManifest.xml
meta-data#android.support.VERSION
ADDED from [com.android.support:appcompat-v7:25.3.1] AndroidManifest.xml:25:5-27:34
MERGED from [com.android.support:animated-vector-drawable:25.3.1] AndroidManifest.xml:22:5-24:34
MERGED from [com.android.support:support-vector-drawable:25.3.1] AndroidManifest.xml:22:5-24:34
MERGED from [com.android.support:support-v4:25.3.1] AndroidManifest.xml:25:5-27:34
MERGED from [com.android.support:support-fragment:25.3.1] AndroidManifest.xml:25:5-27:34
MERGED from [com.android.support:support-media-compat:25.3.1] AndroidManifest.xml:25:5-27:34
MERGED from [com.android.support:recyclerview-v7:25.3.1] AndroidManifest.xml:22:5-24:34
MERGED from [com.android.support:support-core-ui:25.3.1] AndroidManifest.xml:25:5-27:34
MERGED from [com.android.support:support-core-utils:25.3.1] AndroidManifest.xml:25:5-27:34
MERGED from [com.android.support:support-compat:25.3.1] AndroidManifest.xml:25:5-27:34
	android:value
		ADDED from [com.android.support:appcompat-v7:25.3.1] AndroidManifest.xml:27:9-31
	android:name
		ADDED from [com.android.support:appcompat-v7:25.3.1] AndroidManifest.xml:26:9-47